<?xml version="1.0" encoding="UTF-8"?>
<!-- Generated by org.testng.reporters.JUnitReportReporter -->
<testsuite hostname="devesh" name="com.disney.test.RestControllerTest" tests="16" failures="0" timestamp="28 Jul 2016 01:12:42 GMT" time="1.032" errors="0">
  <testcase name="addUserToAnEvent" time="0.059" classname="com.disney.test.RestControllerTest"/>
  <testcase name="createUser" time="0.024" classname="com.disney.test.RestControllerTest"/>
  <testcase name="getUsersForAnEvent" time="0.024" classname="com.disney.test.RestControllerTest"/>
  <testcase name="userDoesntexist" time="0.032" classname="com.disney.test.RestControllerTest"/>
  <testcase name="deleteUser" time="0.034" classname="com.disney.test.RestControllerTest"/>
  <testcase name="deleteEvent" time="0.023" classname="com.disney.test.RestControllerTest"/>
  <testcase name="getUser" time="0.019" classname="com.disney.test.RestControllerTest"/>
  <testcase name="eventDoesntexist" time="0.018" classname="com.disney.test.RestControllerTest"/>
  <testcase name="updateUser" time="0.051" classname="com.disney.test.RestControllerTest"/>
  <testcase name="getEvent" time="0.061" classname="com.disney.test.RestControllerTest"/>
  <testcase name="createEvent" time="0.399" classname="com.disney.test.RestControllerTest"/>
  <testcase name="getAllEventsForUser" time="0.116" classname="com.disney.test.RestControllerTest"/>
  <testcase name="removeUserFromAnEvent" time="0.018" classname="com.disney.test.RestControllerTest"/>
  <testcase name="getAllEvents" time="0.089" classname="com.disney.test.RestControllerTest"/>
  <testcase name="getAllUsers" time="0.034" classname="com.disney.test.RestControllerTest"/>
  <testcase name="updateEvent" time="0.031" classname="com.disney.test.RestControllerTest"/>
</testsuite> <!-- com.disney.test.RestControllerTest -->
